1355430789.540585000	3c:43:8e:40:c2:e0	-72
1355430789.542984000	3c:43:8e:40:c2:e0	-73
1355430789.543505000	3c:43:8e:40:c2:e0	-74
1355430792.372460000	40:a6:d9:84:81:b4	-67
1355430792.373680000	40:a6:d9:84:81:b4	-67
1355430792.374889000	40:a6:d9:84:81:b4	-67
1355430792.376065000	40:a6:d9:84:81:b4	-67
1355430792.377274000	40:a6:d9:84:81:b4	-67
1355430792.378442000	40:a6:d9:84:81:b4	-67
1355430792.379631000	40:a6:d9:84:81:b4	-67
1355430792.380827000	40:a6:d9:84:81:b4	-67
1355430792.382081000	40:a6:d9:84:81:b4	-67
1355430792.383289000	40:a6:d9:84:81:b4	-67
1355430792.384580000	40:a6:d9:84:81:b4	-67
1355430792.416864000	40:a6:d9:84:81:b4	-62
1355430792.418109000	40:a6:d9:84:81:b4	-63
1355430792.419334000	40:a6:d9:84:81:b4	-64
1355430792.420515000	40:a6:d9:84:81:b4	-65
1355430792.421697000	40:a6:d9:84:81:b4	-66
1355430792.422884000	40:a6:d9:84:81:b4	-66
1355430792.424095000	40:a6:c9:8d:81:a4	-67
1355430792.426534000	40:a6:d9:84:81:b4	-67
1355430792.429285000	40:a6:d9:84:81:b4	-68
1355430792.893346000	3c:43:8e:40:c2:e0	-70
1355430792.893776000	3c:43:8e:40:c2:e0	-71
1355430793.344703000	b8:8d:12:44:ee:e0	-68
1355430793.355058000	b8:8d:12:44:ee:e0	-67
1355430793.570817000	b8:8d:12:44:ee:e0	-63
1355430793.581028000	b8:8d:12:44:ee:e0	-63
1355430796.289342000	3c:43:8e:40:c2:e0	-70
1355430796.292847000	3c:43:8e:40:c2:e0	-71
1355430796.297798000	3c:43:8e:40:c2:e0	-72
1355430796.335352000	3c:43:8e:40:c2:e0	-74
1355430796.336590000	3c:43:8e:40:c2:e0	-75
1355430804.528493000	b8:8d:12:44:ee:e0	-68
1355430804.538645000	b8:8d:12:44:ee:e0	-67
1355430804.755465000	b8:8d:12:44:ee:e0	-68
1355430804.765550000	b8:8d:12:44:ee:e0	-67
1355430814.451765000	f0:cb:a1:6b:97:fd	-66
1355430814.493119000	f0:cb:a1:6b:97:fd	-67
1355430815.054764000	7c:c3:a1:1f:4b:cb	-70
1355430815.078023000	7c:c3:a1:1f:4b:cb	-74
1355430816.711182000	b8:8d:12:44:ee:e0	-67
1355430816.721308000	b8:8d:12:44:ee:e0	-66
1355430816.937630000	b8:8d:12:44:ee:e0	-67
1355430816.947818000	b8:8d:12:44:ee:e0	-66
1355430821.306607000	3c:43:8e:40:c2:e0	-67
1355430821.309417000	3c:43:8e:40:c2:e0	-69
1355430821.353343000	3c:43:8e:40:c2:e0	-72
1355430824.601691000	00:0b:6b:d9:2f:05	-67
1355430826.006751000	68:a8:6d:2c:32:e4	-66
1355430826.016924000	68:a8:6d:2c:32:e4	-64
1355430826.029618000	68:a8:6d:2c:32:e4	-63
1355430826.039740000	68:a8:6d:2c:32:e4	-63
1355430826.323710000	3c:43:8e:40:c2:e0	-69
1355430826.326609000	3c:43:8e:40:c2:e0	-70
1355430827.611113000	7c:c3:a1:1f:4b:cb	-63
1355430827.631436000	7c:c3:a1:1f:4b:cb	-69
1355430827.682013000	7c:c3:a1:1f:4b:cb	-71
1355430827.683166000	7c:c3:a1:1f:4b:cb	-73
1355430827.802472000	7c:c3:a1:1f:4b:cb	-73
1355430828.893134000	b8:8d:12:44:ee:e0	-65
1355430828.903300000	b8:8d:12:44:ee:e0	-65
1355430829.120076000	b8:8d:12:44:ee:71	-67
1355430829.130224000	b8:8d:12:44:ee:e0	-66
1355430829.864165000	48:5d:60:7d:c9:2d	-68
1355430829.887691000	48:5d:60:7d:c9:2d	-73
1355430831.340497000	3c:43:8e:40:c2:e0	-71
1355430831.341831000	3c:43:8e:40:c2:e0	-72
1355430831.343026000	3c:43:8e:40:c2:e0	-73
1355430832.145167000	7c:c3:a1:1f:4b:cb	-70
1355430832.155466000	7c:c3:a1:1f:4b:cb	-73
1355430832.168340000	7c:c3:a1:1f:4b:cb	-75
1355430832.178694000	7c:c3:a1:1f:4b:cb	-76
1355430834.384074000	94:51:03:2d:e3:07	-70
1355430834.404919000	94:51:03:2d:e3:07	-72
1355430836.355156000	3c:43:8e:40:c2:e0	-71
1355430836.356340000	3c:43:8e:40:c2:e0	-73
1355430837.702072000	40:a6:d9:84:81:b4	-69
1355430837.703286000	40:a6:d9:84:81:b4	-68
1355430837.704495000	40:a6:d9:84:81:b4	-68
1355430837.705691000	40:a6:d9:84:81:b4	-68
1355430837.706885000	40:a6:d9:84:81:b4	-67
1355430837.708090000	40:a6:d9:84:81:b4	-67
1355430837.709251000	40:a6:d9:84:81:b4	-67
1355430837.710439000	40:a6:d9:84:81:b4	-66
1355430837.711692000	40:a6:d9:84:81:b4	-66
1355430837.712886000	40:a6:d9:84:81:b4	-66
1355430837.714196000	40:a6:d9:84:81:b4	-65
1355430837.746459000	40:a6:d9:84:81:b4	-65
1355430837.747706000	40:a6:d9:84:81:b4	-66
1355430837.748908000	40:a6:d9:84:81:b4	-66
1355430837.750097000	40:a6:d9:84:81:b4	-66
1355430837.751293000	40:a6:d9:84:81:b4	-66
1355430837.752476000	40:a6:d9:84:81:b4	-67
1355430837.753669000	40:a6:d9:84:81:b4	-67
1355430837.754864000	40:a6:d9:84:81:b4	-67
1355430837.756112000	40:a6:d9:84:81:b4	-67
1355430837.757323000	40:a6:d9:84:81:b4	-67
1355430837.758616000	40:a6:d9:84:81:b4	-67
1355430840.625387000	94:51:03:2d:e3:07	-71
1355430841.075084000	b8:8d:12:44:ee:e0	-60
1355430841.085371000	b8:8d:12:44:ee:e0	-60
1355430841.302070000	b8:8d:12:44:ee:e0	-65
1355430841.312246000	b8:8d:12:44:ee:e0	-64
1355430841.370879000	3c:43:8e:40:c2:e0	-67
1355430841.373709000	3c:43:8e:40:c2:e0	-69
1355430846.387288000	3c:43:8e:40:c2:e0	-65
1355430846.388492000	3c:43:8e:40:c2:e0	-67
1355430846.421861000	3c:43:8e:40:c2:e0	-72
1355430846.423009000	3c:43:8e:40:c2:e0	-73
1355430849.672736000	7c:c3:a1:1f:4b:cb	-70
1355430849.694516000	7c:c3:a1:1f:4b:cb	-71
1355430849.715863000	7c:c3:a1:1f:4b:cb	-71
1355430849.736215000	7c:c3:a1:1f:4b:cb	-71
1355430850.180916000	7c:c3:a1:1f:4b:cb	-71
1355430851.402993000	3c:43:8e:40:c2:e0	-70
1355430851.405822000	3c:43:8e:40:c2:e0	-72
1355430853.256794000	b8:8d:12:44:ee:e0	-68
1355430853.267994000	b8:8d:12:44:ee:e0	-67
1355430853.485378000	b8:8d:12:44:ee:e0	-63
1355430853.495516000	b8:8d:12:44:ee:e0	-62
1355430853.712692000	b8:8d:12:44:ee:e0	-65
1355430856.416429000	3c:43:8e:40:c2:e0	-70
1355430859.771720000	f0:cb:a1:6b:97:fd	-63
1355430859.813059000	f0:cb:a1:6b:97:fd	-66
1355430861.435360000	3c:43:8e:40:c2:e0	-70
1355430866.447859000	3c:43:8e:40:c2:e0	-69
1355430866.450677000	3c:43:8e:40:c2:e0	-71
1355430866.464997000	b8:8d:12:44:ee:e0	-71
1355430866.681855000	b8:8d:12:44:ee:e0	-68
1355430866.693409000	b8:8d:12:44:ee:e0	-67
1355430871.463552000	3c:43:8e:40:c2:e0	-69
1355430871.497536000	3c:43:8e:40:c2:e0	-73
1355430871.498752000	3c:43:8e:40:c2:e0	-74
1355430871.499927000	3c:43:8e:40:c2:e0	-76
1355430876.478626000	3c:43:8e:40:c2:e0	-68
1355430876.479837000	3c:43:8e:40:c2:e0	-70
1355430878.637872000	b8:8d:12:44:ee:e0	-66
1355430878.648059000	b8:8d:12:44:ee:e0	-65
1355430878.875186000	b8:8d:12:44:ee:e0	-67
1355430881.494340000	3c:43:8e:40:c2:e0	-67
1355430881.496802000	3c:43:8e:40:c2:e0	-69
1355430883.031325000	40:a6:d9:84:81:b4	-68
1355430883.032590000	40:a6:d9:84:81:b4	-67
1355430883.033775000	40:a6:d9:84:81:b4	-67
1355430883.034957000	40:a6:d9:84:81:b4	-67
1355430883.036152000	40:a6:d9:84:81:b4	-67
1355430883.037336000	40:a6:d9:84:81:b4	-66
1355430883.038518000	40:a6:d9:84:81:b4	-66
1355430883.039730000	40:a6:d9:84:81:b4	-66
1355430883.040981000	40:a6:d9:84:81:b4	-66
1355430883.042180000	40:a6:d9:84:81:b4	-66
1355430883.043478000	40:a6:d9:84:81:b4	-65
1355430883.076802000	40:a6:d9:84:81:b4	-66
1355430883.078004000	40:a6:d9:84:81:b4	-66
1355430883.079265000	40:a6:d9:84:81:b4	-66
1355430883.080423000	40:a6:d9:84:81:b4	-66
1355430883.081617000	40:a6:d9:84:81:b4	-67
1355430883.082790000	40:a6:d9:84:81:b4	-67
1355430883.083989000	40:a6:d9:84:81:b4	-67
1355430883.085180000	40:a6:d9:84:81:b4	-67
1355430883.086433000	40:a6:d9:84:81:b4	-67
1355430883.087619000	40:a6:d9:84:81:b4	-67
1355430883.088915000	40:a6:d9:84:81:b4	-67
1355430886.510951000	3c:43:8e:40:c2:e0	-71
1355430886.514092000	3c:43:8e:40:c2:e0	-74
1355430886.515320000	3c:43:8e:40:c2:e0	-75
1355430887.396142000	00:0b:6b:d9:2f:05	-71
1355430887.396822000	00:0b:6b:d9:2f:05	-73
1355430887.397386000	00:0b:6b:d9:2f:05	-74
1355430889.828320000	b8:8d:12:44:ee:e0	-62
1355430889.838508000	b8:8d:12:44:ee:e0	-62
1355430889.862002000	48:5d:60:7d:c9:2d	-65
1355430889.885109000	48:5d:60:7d:c9:2d	-67
1355430890.055573000	b8:8d:12:44:ee:e0	-66
1355430890.065925000	b8:8d:12:44:ee:e0	-65
